Line 19: Class MSComctlLib.ListView of control list_nama was not a loaded control class.
Line 65: Class MSComCtl2.UpDown of control UpDown1 was not a loaded control class.
Line 87: Class MSCommLib.MSComm of control MSComm1 was not a loaded control class.
Line 95: Class MSComctlLib.ListView of control lv_jual was not a loaded control class.
Line 25: The property name _ExtentX in list_nama is invalid.
Line 26: The property name _ExtentY in list_nama is invalid.
Line 27: The property name View in list_nama is invalid.
Line 28: The property name LabelEdit in list_nama is invalid.
Line 29: The property name LabelWrap in list_nama is invalid.
Line 30: The property name HideSelection in list_nama is invalid.
Line 31: The property name HideColumnHeaders in list_nama is invalid.
Line 32: The property name FullRowSelect in list_nama is invalid.
Line 33: The property name GridLines in list_nama is invalid.
Line 34: The property name _Version in list_nama is invalid.
Line 48: The property name NumItems in list_nama is invalid.
Line 52: The property name ColumnHeader(1) in list_nama is invalid.
Line 57: The property name ColumnHeader(2) in list_nama is invalid.
Line 63: The property name ColumnHeader(3) in list_nama is invalid.
Line 71: The property name _ExtentX in UpDown1 is invalid.
Line 72: The property name _ExtentY in UpDown1 is invalid.
Line 73: The property name _Version in UpDown1 is invalid.
Line 74: The property name Value in UpDown1 is invalid.
Line 75: The property name BuddyControl in UpDown1 is invalid.
Line 76: The property name BuddyDispid in UpDown1 is invalid.
Line 77: The property name OrigLeft in UpDown1 is invalid.
Line 78: The property name OrigTop in UpDown1 is invalid.
Line 79: The property name OrigRight in UpDown1 is invalid.
Line 80: The property name OrigBottom in UpDown1 is invalid.
Line 81: The property name Max in UpDown1 is invalid.
Line 82: The property name Min in UpDown1 is invalid.
Line 83: The property name SyncBuddy in UpDown1 is invalid.
Line 84: The property name BuddyProperty in UpDown1 is invalid.
Line 90: The property name _ExtentX in MSComm1 is invalid.
Line 91: The property name _ExtentY in MSComm1 is invalid.
Line 92: The property name _Version in MSComm1 is invalid.
Line 93: The property name DTREnable in MSComm1 is invalid.
Line 101: The property name _ExtentX in lv_jual is invalid.
Line 102: The property name _ExtentY in lv_jual is invalid.
Line 103: The property name View in lv_jual is invalid.
Line 104: The property name LabelEdit in lv_jual is invalid.
Line 105: The property name LabelWrap in lv_jual is invalid.
Line 106: The property name HideSelection in lv_jual is invalid.
Line 107: The property name FullRowSelect in lv_jual is invalid.
Line 108: The property name GridLines in lv_jual is invalid.
Line 109: The property name _Version in lv_jual is invalid.
Line 123: The property name NumItems in lv_jual is invalid.
Line 127: The property name ColumnHeader(1) in lv_jual is invalid.
Line 132: The property name ColumnHeader(2) in lv_jual is invalid.
Line 138: The property name ColumnHeader(3) in lv_jual is invalid.
Line 144: The property name ColumnHeader(4) in lv_jual is invalid.
Line 150: The property name ColumnHeader(5) in lv_jual is invalid.
